\BOOKMARK [0][]{chapter.1}{\376\377\0001\000\040\000I\000n\000t\000r\000o\000d\000u\000c\000t\000i\000o\000n}{}% 1
\BOOKMARK [1][]{section.1.1}{\376\377\0001\000.\0001\000\040\000E\000x\000i\000s\000t\000i\000n\000g\000\040\000S\000o\000l\000u\000t\000i\000o\000n\000s}{chapter.1}% 2
\BOOKMARK [1][]{section.1.2}{\376\377\0001\000.\0002\000\040\000P\000r\000o\000b\000l\000e\000m\000\040\000S\000t\000a\000t\000e\000m\000e\000n\000t}{chapter.1}% 3
\BOOKMARK [1][]{section.1.3}{\376\377\0001\000.\0003\000\040\000S\000c\000o\000p\000e}{chapter.1}% 4
\BOOKMARK [1][]{section.1.4}{\376\377\0001\000.\0004\000\040\000M\000o\000d\000u\000l\000e\000s}{chapter.1}% 5
\BOOKMARK [2][]{subsection.1.4.1}{\376\377\0001\000.\0004\000.\0001\000\040\000M\000o\000d\000u\000l\000e\000\040\0001\000:\000\040\000P\000r\000o\000j\000e\000c\000t\000\040\000I\000n\000d\000e\000x\000i\000n\000g\000\040\000a\000n\000d\000\040\000S\000e\000m\000a\000n\000t\000i\000c\000\040\000M\000e\000m\000o\000r\000y}{section.1.4}% 6
\BOOKMARK [2][]{subsection.1.4.2}{\376\377\0001\000.\0004\000.\0002\000\040\000M\000o\000d\000u\000l\000e\000\040\0002\000:\000\040\000C\000o\000n\000t\000e\000x\000t\000-\000A\000w\000a\000r\000e\000\040\000W\000r\000i\000t\000i\000n\000g\000\040\000A\000s\000s\000i\000s\000t\000a\000n\000t}{section.1.4}% 7
\BOOKMARK [2][]{subsection.1.4.3}{\376\377\0001\000.\0004\000.\0003\000\040\000M\000o\000d\000u\000l\000e\000\040\0003\000:\000\040\000C\000h\000a\000r\000a\000c\000t\000e\000r\000\040\000a\000n\000d\000\040\000S\000c\000e\000n\000e\000\040\000M\000a\000n\000a\000g\000e\000m\000e\000n\000t}{section.1.4}% 8
\BOOKMARK [2][]{subsection.1.4.4}{\376\377\0001\000.\0004\000.\0004\000\040\000M\000o\000d\000u\000l\000e\000\040\0004\000:\000\040\000D\000i\000a\000l\000o\000g\000u\000e\000\040\000G\000e\000n\000e\000r\000a\000t\000i\000o\000n}{section.1.4}% 9
\BOOKMARK [2][]{subsection.1.4.5}{\376\377\0001\000.\0004\000.\0005\000\040\000M\000o\000d\000u\000l\000e\000\040\0005\000:\000\040\000R\000e\000s\000e\000a\000r\000c\000h\000\040\000I\000n\000t\000e\000g\000r\000a\000t\000i\000o\000n}{section.1.4}% 10
\BOOKMARK [2][]{subsection.1.4.6}{\376\377\0001\000.\0004\000.\0006\000\040\000M\000o\000d\000u\000l\000e\000\040\0006\000:\000\040\000P\000r\000o\000j\000e\000c\000t\000\040\000Q\000u\000e\000r\000y\000\040\000I\000n\000t\000e\000r\000f\000a\000c\000e}{section.1.4}% 11
\BOOKMARK [2][]{subsection.1.4.7}{\376\377\0001\000.\0004\000.\0007\000\040\000M\000o\000d\000u\000l\000e\000\040\0007\000:\000\040\000G\000a\000p\000\040\000A\000n\000a\000l\000y\000s\000i\000s\000\040\000M\000o\000d\000u\000l\000e}{section.1.4}% 12
\BOOKMARK [1][]{section.1.5}{\376\377\0001\000.\0005\000\040\000W\000o\000r\000k\000\040\000D\000i\000v\000i\000s\000i\000o\000n}{chapter.1}% 13
\BOOKMARK [0][]{chapter.2}{\376\377\0002\000\040\000P\000r\000o\000j\000e\000c\000t\000\040\000R\000e\000q\000u\000i\000r\000e\000m\000e\000n\000t\000s}{}% 14
\BOOKMARK [1][]{section.2.1}{\376\377\0002\000.\0001\000\040\000U\000s\000e\000-\000c\000a\000s\000e\000\040\000/\000\040\000E\000v\000e\000n\000t\000\040\000R\000e\000s\000p\000o\000n\000s\000e\000\040\000T\000a\000b\000l\000e\000\040\000/\000\040\000S\000t\000o\000r\000y\000b\000o\000a\000r\000d\000i\000n\000g}{chapter.2}% 15
\BOOKMARK [1][]{section.2.2}{\376\377\0002\000.\0002\000\040\000F\000u\000n\000c\000t\000i\000o\000n\000a\000l\000\040\000R\000e\000q\000u\000i\000r\000e\000m\000e\000n\000t\000s}{chapter.2}% 16
\BOOKMARK [2][]{subsection.2.2.1}{\376\377\0002\000.\0002\000.\0001\000\040\000M\000o\000d\000u\000l\000e\000\040\0001\000:\000\040\000P\000r\000o\000j\000e\000c\000t\000\040\000I\000n\000d\000e\000x\000i\000n\000g\000\040\000a\000n\000d\000\040\000S\000e\000m\000a\000n\000t\000i\000c\000\040\000M\000e\000m\000o\000r\000y}{section.2.2}% 17
\BOOKMARK [2][]{subsection.2.2.2}{\376\377\0002\000.\0002\000.\0002\000\040\000M\000o\000d\000u\000l\000e\000\040\0002\000:\000\040\000C\000o\000n\000t\000e\000x\000t\000-\000A\000w\000a\000r\000e\000\040\000W\000r\000i\000t\000i\000n\000g\000\040\000A\000s\000s\000i\000s\000t\000a\000n\000t}{section.2.2}% 18
\BOOKMARK [2][]{subsection.2.2.3}{\376\377\0002\000.\0002\000.\0003\000\040\000M\000o\000d\000u\000l\000e\000\040\0003\000:\000\040\000C\000h\000a\000r\000a\000c\000t\000e\000r\000\040\000a\000n\000d\000\040\000S\000c\000e\000n\000e\000\040\000M\000a\000n\000a\000g\000e\000m\000e\000n\000t}{section.2.2}% 19
\BOOKMARK [2][]{subsection.2.2.4}{\376\377\0002\000.\0002\000.\0004\000\040\000M\000o\000d\000u\000l\000e\000\040\0004\000:\000\040\000D\000i\000a\000l\000o\000g\000u\000e\000\040\000G\000e\000n\000e\000r\000a\000t\000i\000o\000n}{section.2.2}% 20
\BOOKMARK [2][]{subsection.2.2.5}{\376\377\0002\000.\0002\000.\0005\000\040\000M\000o\000d\000u\000l\000e\000\040\0005\000:\000\040\000R\000e\000s\000e\000a\000r\000c\000h\000\040\000I\000n\000t\000e\000g\000r\000a\000t\000i\000o\000n\000\040\000M\000o\000d\000u\000l\000e}{section.2.2}% 21
\BOOKMARK [2][]{subsection.2.2.6}{\376\377\0002\000.\0002\000.\0006\000\040\000M\000o\000d\000u\000l\000e\000\040\0006\000:\000\040\000P\000r\000o\000j\000e\000c\000t\000\040\000Q\000u\000e\000r\000y\000\040\000I\000n\000t\000e\000r\000f\000a\000c\000e}{section.2.2}% 22
\BOOKMARK [2][]{subsection.2.2.7}{\376\377\0002\000.\0002\000.\0007\000\040\000M\000o\000d\000u\000l\000e\000\040\0007\000:\000\040\000G\000a\000p\000\040\000A\000n\000a\000l\000y\000s\000i\000s\000\040\000M\000o\000d\000u\000l\000e}{section.2.2}% 23
\BOOKMARK [1][]{section.2.3}{\376\377\0002\000.\0003\000\040\000N\000o\000n\000-\000F\000u\000n\000c\000t\000i\000o\000n\000a\000l\000\040\000R\000e\000q\000u\000i\000r\000e\000m\000e\000n\000t\000s}{chapter.2}% 24
\BOOKMARK [2][]{subsection.2.3.1}{\376\377\0002\000.\0003\000.\0001\000\040\000U\000s\000a\000b\000i\000l\000i\000t\000y}{section.2.3}% 25
\BOOKMARK [2][]{subsection.2.3.2}{\376\377\0002\000.\0003\000.\0002\000\040\000P\000e\000r\000f\000o\000r\000m\000a\000n\000c\000e}{section.2.3}% 26
\BOOKMARK [2][]{subsection.2.3.3}{\376\377\0002\000.\0003\000.\0003\000\040\000S\000e\000c\000u\000r\000i\000t\000y}{section.2.3}% 27
\BOOKMARK [2][]{subsection.2.3.4}{\376\377\0002\000.\0003\000.\0004\000\040\000R\000e\000l\000i\000a\000b\000i\000l\000i\000t\000y}{section.2.3}% 28
\BOOKMARK [2][]{subsection.2.3.5}{\376\377\0002\000.\0003\000.\0005\000\040\000M\000a\000i\000n\000t\000a\000i\000n\000a\000b\000i\000l\000i\000t\000y}{section.2.3}% 29
\BOOKMARK [2][]{subsection.2.3.6}{\376\377\0002\000.\0003\000.\0006\000\040\000C\000o\000m\000p\000a\000t\000i\000b\000i\000l\000i\000t\000y}{section.2.3}% 30
\BOOKMARK [2][]{subsection.2.3.7}{\376\377\0002\000.\0003\000.\0007\000\040\000S\000c\000a\000l\000a\000b\000i\000l\000i\000t\000y}{section.2.3}% 31
\BOOKMARK [0][]{chapter.3}{\376\377\0003\000\040\000S\000y\000s\000t\000e\000m\000\040\000O\000v\000e\000r\000v\000i\000e\000w}{}% 32
\BOOKMARK [1][]{section.3.1}{\376\377\0003\000.\0001\000\040\000A\000r\000c\000h\000i\000t\000e\000c\000t\000u\000r\000a\000l\000\040\000D\000e\000s\000i\000g\000n}{chapter.3}% 33
\BOOKMARK [1][]{section.3.2}{\376\377\0003\000.\0002\000\040\000D\000a\000t\000a\000\040\000D\000e\000s\000i\000g\000n}{chapter.3}% 34
\BOOKMARK [1][]{section.3.3}{\376\377\0003\000.\0003\000\040\000D\000o\000m\000a\000i\000n\000\040\000M\000o\000d\000e\000l}{chapter.3}% 35
\BOOKMARK [2][]{subsection.3.3.1}{\376\377\0003\000.\0003\000.\0001\000\040\000E\000n\000t\000i\000t\000i\000e\000s\000\040\000a\000n\000d\000\040\000A\000t\000t\000r\000i\000b\000u\000t\000e\000s}{section.3.3}% 36
\BOOKMARK [2][]{subsection.3.3.2}{\376\377\0003\000.\0003\000.\0002\000\040\000R\000e\000l\000a\000t\000i\000o\000n\000s\000h\000i\000p\000s\000\040\000a\000n\000d\000\040\000A\000s\000s\000o\000c\000i\000a\000t\000i\000o\000n\000s}{section.3.3}% 37
\BOOKMARK [2][]{subsection.3.3.3}{\376\377\0003\000.\0003\000.\0003\000\040\000D\000o\000m\000a\000i\000n\000\040\000M\000o\000d\000e\000l\000\040\000D\000i\000a\000g\000r\000a\000m}{section.3.3}% 38
\BOOKMARK [1][]{section.3.4}{\376\377\0003\000.\0004\000\040\000D\000e\000s\000i\000g\000n\000\040\000M\000o\000d\000e\000l\000s\000\040\000[\000U\000P\000T\000O\000\040\000T\000H\000E\000\040\000C\000U\000R\000R\000E\000N\000T\000\040\000I\000T\000E\000R\000A\000T\000I\000O\000N\000\040\000O\000N\000L\000Y\000]}{chapter.3}% 39
\BOOKMARK [0][]{chapter.4}{\376\377\0004\000\040\000I\000m\000p\000l\000e\000m\000e\000n\000t\000a\000t\000i\000o\000n\000\040\000a\000n\000d\000\040\000T\000e\000s\000t\000i\000n\000g\000\040\000[\000U\000P\000T\000O\000\040\000T\000H\000E\000\040\000C\000U\000R\000R\000E\000N\000T\000\040\000I\000T\000E\000R\000A\000T\000I\000O\000N\000\040\000O\000N\000L\000Y\000]}{}% 40
\BOOKMARK [1][]{section.4.1}{\376\377\0004\000.\0001\000\040\000A\000l\000g\000o\000r\000i\000t\000h\000m\000\040\000D\000e\000s\000i\000g\000n}{chapter.4}% 41
\BOOKMARK [1][]{section.4.2}{\376\377\0004\000.\0002\000\040\000E\000x\000t\000e\000r\000n\000a\000l\000\040\000A\000P\000I\000s\000/\000S\000D\000K\000s}{chapter.4}% 42
\BOOKMARK [1][]{section.4.3}{\376\377\0004\000.\0003\000\040\000T\000e\000s\000t\000i\000n\000g\000\040\000D\000e\000t\000a\000i\000l\000s}{chapter.4}% 43
\BOOKMARK [2][]{subsection.4.3.1}{\376\377\0004\000.\0003\000.\0001\000\040\000U\000n\000i\000t\000\040\000T\000e\000s\000t\000i\000n\000g}{section.4.3}% 44
\BOOKMARK [0][]{chapter*.1}{\376\377\000R\000e\000f\000e\000r\000e\000n\000c\000e\000s}{}% 45
\BOOKMARK [0][]{appendix.A}{\376\377\000A\000\040\000A\000p\000p\000e\000n\000d\000i\000c\000e\000s}{}% 46
\BOOKMARK [1][]{section.A.1}{\376\377\000A\000.\0001\000\040\000A\000p\000p\000e\000n\000d\000i\000x\000\040\000A}{appendix.A}% 47
\BOOKMARK [2][]{subsection.A.1.1}{\376\377\000A\000.\0001\000.\0001\000\040\000U\000s\000e\000\040\000C\000a\000s\000e\000\040\000D\000i\000a\000g\000r\000a\000m\000\040\000e\000x\000a\000m\000p\000l\000e\000\040\000\050\000O\000n\000l\000i\000n\000e\000\040\000S\000h\000o\000p\000p\000i\000n\000g\000\040\000S\000y\000s\000t\000e\000m\000\051}{section.A.1}% 48
\BOOKMARK [2][]{subsection.A.1.2}{\376\377\000A\000.\0001\000.\0002\000\040\000D\000e\000t\000a\000i\000l\000\040\000U\000s\000e\000\040\000C\000a\000s\000e\000\040\000E\000x\000a\000m\000p\000l\000e}{section.A.1}% 49
\BOOKMARK [2][]{subsection.A.1.3}{\376\377\000A\000.\0001\000.\0003\000\040\000E\000v\000e\000n\000t\000-\000R\000e\000s\000p\000o\000n\000s\000e\000\040\000T\000a\000b\000l\000e\000\040\000f\000o\000r\000\040\000a\000\040\000H\000i\000g\000h\000w\000a\000y\000\040\000I\000n\000t\000e\000r\000s\000e\000c\000t\000i\000o\000n}{section.A.1}% 50
\BOOKMARK [2][]{subsection.A.1.4}{\376\377\000A\000.\0001\000.\0004\000\040\000S\000t\000o\000r\000y\000\040\000B\000o\000a\000r\000d\000\040\000E\000x\000a\000m\000p\000l\000e\000\040\000F\000o\000r\000\040\000A\000n\000d\000r\000o\000i\000d\000\040\000A\000p\000p}{section.A.1}% 51
\BOOKMARK [1][]{section.A.2}{\376\377\000A\000.\0002\000\040\000A\000p\000p\000e\000n\000d\000i\000x\000\040\000B}{appendix.A}% 52
\BOOKMARK [2][]{subsection.A.2.1}{\376\377\000A\000.\0002\000.\0001\000\040\000D\000o\000m\000a\000i\000n\000\040\000M\000o\000d\000e\000l\000\040\000E\000x\000a\000m\000p\000l\000e\000\040\000F\000o\000r\000\040\000O\000n\000l\000i\000n\000e\000\040\000S\000h\000o\000p\000p\000i\000n\000g}{section.A.2}% 53
\BOOKMARK [1][]{section.A.3}{\376\377\000A\000.\0003\000\040\000A\000p\000p\000e\000n\000d\000i\000x\000\040\000C}{appendix.A}% 54
\BOOKMARK [2][]{subsection.A.3.1}{\376\377\000A\000.\0003\000.\0001\000\040\000B\000o\000x\000\040\000A\000n\000d\000\040\000L\000i\000n\000e\000\040\000E\000x\000a\000m\000p\000l\000e\000\040\000F\000o\000r\000\040\000O\000n\000l\000i\000n\000e\000\040\000S\000h\000o\000p\000p\000i\000n\000g}{section.A.3}% 55
\BOOKMARK [2][]{subsection.A.3.2}{\376\377\000A\000.\0003\000.\0002\000\040\000A\000r\000c\000h\000i\000t\000e\000c\000t\000u\000r\000e\000\040\000P\000a\000t\000t\000e\000r\000n\000\040\000E\000x\000a\000m\000p\000l\000e\000\040\000F\000o\000r\000\040\000O\000n\000l\000i\000n\000e\000\040\000S\000h\000o\000p\000p\000i\000n\000g}{section.A.3}% 56
\BOOKMARK [2][]{subsection.A.3.3}{\376\377\000A\000.\0003\000.\0003\000\040\000C\000o\000W\000r\000i\000t\000e\000I\000A\000\040\000D\000e\000t\000a\000i\000l\000e\000d\000\040\000A\000r\000c\000h\000i\000t\000e\000c\000t\000u\000r\000e\000\040\000D\000i\000a\000g\000r\000a\000m}{section.A.3}% 57
\BOOKMARK [1][]{section.A.4}{\376\377\000A\000.\0004\000\040\000A\000p\000p\000e\000n\000d\000i\000x\000\040\000D}{appendix.A}% 58
\BOOKMARK [2][]{subsection.A.4.1}{\376\377\000A\000.\0004\000.\0001\000\040\000A\000c\000t\000i\000v\000i\000t\000y\000\040\000D\000i\000a\000g\000r\000a\000m}{section.A.4}% 59
\BOOKMARK [2][]{subsection.A.4.2}{\376\377\000A\000.\0004\000.\0002\000\040\000C\000l\000a\000s\000s\000\040\000D\000i\000a\000g\000r\000a\000m}{section.A.4}% 60
\BOOKMARK [2][]{subsection.A.4.3}{\376\377\000A\000.\0004\000.\0003\000\040\000S\000e\000q\000u\000e\000n\000c\000e\000\040\000D\000i\000a\000g\000r\000a\000m}{section.A.4}% 61
\BOOKMARK [2][]{subsection.A.4.4}{\376\377\000A\000.\0004\000.\0004\000\040\000S\000t\000a\000t\000e\000\040\000T\000r\000a\000n\000s\000i\000t\000i\000o\000n\000\040\000D\000i\000a\000g\000r\000a\000m}{section.A.4}% 62
\BOOKMARK [2][]{subsection.A.4.5}{\376\377\000A\000.\0004\000.\0005\000\040\000D\000a\000t\000a\000\040\000F\000l\000o\000w\000\040\000D\000i\000a\000g\000r\000a\000m}{section.A.4}% 63
